TN:
SF:script/DeployDSC.s.sol
DA:14,6
FN:14,DeployDSC.run
FNDA:6,DeployDSC.run
DA:15,6
DA:17,6
DA:18,6
DA:20,6
DA:21,6
DA:23,6
DA:24,6
DA:25,6
DA:27,6
DA:28,6
DA:30,6
FNF:1
FNH:1
LF:12
LH:12
BRF:0
BRH:0
end_of_record
TN:
SF:script/HelperConfig.s.sol
DA:26,6
FN:26,HelperConfig.constructor
FNDA:6,HelperConfig.constructor
DA:27,6
BRDA:27,0,0,-
BRDA:27,0,1,6
DA:28,0
DA:30,6
DA:34,0
FN:34,HelperConfig.getSepoliaEthConfig
FNDA:0,HelperConfig.getSepoliaEthConfig
DA:35,0
DA:44,6
FN:44,HelperConfig.getOrCreateAnvilEthConfig
FNDA:6,HelperConfig.getOrCreateAnvilEthConfig
DA:45,6
BRDA:45,1,0,-
DA:46,0
DA:49,6
DA:50,6
DA:51,6
DA:53,6
DA:54,6
DA:56,6
DA:58,6
FNF:3
FNH:2
LF:16
LH:12
BRF:3
BRH:1
end_of_record
TN:
SF:src/DSCEngine.sol
DA:96,0
FN:96,DSCEngine.mustBeMoreThanZero
FNDA:0,DSCEngine.mustBeMoreThanZero
DA:97,0
BRDA:97,0,0,-
DA:98,0
DA:103,2
FN:103,DSCEngine.isTokenAllowed
FNDA:2,DSCEngine.isTokenAllowed
DA:104,2
BRDA:104,1,0,1
DA:105,1
DA:114,7
FN:114,DSCEngine.constructor
FNDA:7,DSCEngine.constructor
DA:115,7
BRDA:115,2,0,1
DA:116,1
DA:118,6
DA:119,12
DA:120,12
DA:122,6
DA:136,0
FN:136,DSCEngine.depositCollateralAndMintDSC
FNDA:0,DSCEngine.depositCollateralAndMintDSC
DA:141,0
DA:142,0
DA:151,3
FN:151,DSCEngine.depositCollateral
FNDA:3,DSCEngine.depositCollateral
DA:157,1
DA:158,1
DA:159,1
DA:160,1
BRDA:160,3,0,-
DA:161,0
DA:165,0
FN:165,DSCEngine.redeemForDSC
FNDA:0,DSCEngine.redeemForDSC
DA:167,0
FN:167,DSCEngine.burnDSC
FNDA:0,DSCEngine.burnDSC
DA:168,0
DA:169,0
DA:172,0
FN:172,DSCEngine.redeemCollateralForDSC
FNDA:0,DSCEngine.redeemCollateralForDSC
DA:175,0
DA:176,0
DA:180,0
FN:180,DSCEngine.redeemCollateral
FNDA:0,DSCEngine.redeemCollateral
DA:185,0
DA:186,0
DA:195,0
FN:195,DSCEngine.mintDSC
FNDA:0,DSCEngine.mintDSC
DA:196,0
DA:198,0
DA:199,0
DA:200,0
BRDA:200,4,0,-
DA:201,0
DA:222,0
FN:222,DSCEngine.liquidate
FNDA:0,DSCEngine.liquidate
DA:227,0
DA:228,0
BRDA:228,5,0,-
DA:229,0
DA:231,0
DA:232,0
DA:233,0
DA:235,0
DA:236,0
DA:238,0
DA:239,0
BRDA:239,6,0,-
DA:240,0
DA:242,0
DA:245,0
FN:245,DSCEngine.getHealthFactor
FNDA:0,DSCEngine.getHealthFactor
DA:251,0
FN:251,DSCEngine._burnDsc
FNDA:0,DSCEngine._burnDsc
DA:252,0
DA:253,0
DA:254,0
BRDA:254,7,0,-
DA:255,0
DA:257,0
DA:260,0
FN:260,DSCEngine._redeemCollateral
FNDA:0,DSCEngine._redeemCollateral
DA:263,0
DA:264,0
DA:266,0
DA:267,0
BRDA:267,8,0,-
DA:268,0
DA:280,1
FN:280,DSCEngine._getAccountInformation
FNDA:1,DSCEngine._getAccountInformation
DA:285,1
DA:286,1
DA:299,0
FN:299,DSCEngine._healthFactor
FNDA:0,DSCEngine._healthFactor
DA:300,0
DA:301,0
DA:302,0
DA:312,0
FN:312,DSCEngine._revertIfHealthFactorIsBroken
FNDA:0,DSCEngine._revertIfHealthFactorIsBroken
DA:313,0
DA:314,0
BRDA:314,9,0,-
DA:315,0
DA:323,2
FN:323,DSCEngine.getTokenAmountFromUsd
FNDA:2,DSCEngine.getTokenAmountFromUsd
DA:324,2
DA:325,2
DA:326,2
DA:337,0
FN:337,DSCEngine.getAccountCollateralInformation
FNDA:0,DSCEngine.getAccountCollateralInformation
DA:338,1
DA:339,2
DA:340,2
DA:341,2
DA:343,0
DA:353,1
FN:353,DSCEngine.getUsdValue
FNDA:1,DSCEngine.getUsdValue
DA:354,3
DA:355,3
DA:357,3
DA:360,1
FN:360,DSCEngine.getAccountInformation
FNDA:1,DSCEngine.getAccountInformation
DA:365,1
FNF:21
FNH:7
LF:91
LH:32
BRF:10
BRH:2
end_of_record
TN:
SF:src/DecentralizedStableCoin.sol
DA:46,0
FN:46,DecentralizedStableCoin.burn
FNDA:0,DecentralizedStableCoin.burn
DA:47,0
DA:48,0
BRDA:48,0,0,-
DA:49,0
DA:51,0
BRDA:51,1,0,-
DA:52,0
DA:54,0
DA:57,0
FN:57,DecentralizedStableCoin.mint
FNDA:0,DecentralizedStableCoin.mint
DA:58,0
BRDA:58,2,0,-
DA:59,0
DA:61,0
BRDA:61,3,0,-
DA:62,0
DA:64,0
DA:65,0
FNF:2
FNH:0
LF:14
LH:0
BRF:4
BRH:0
end_of_record
TN:
SF:test/mocks/MockV3Aggregator.sol
DA:24,12
FN:24,MockV3Aggregator.constructor
FNDA:12,MockV3Aggregator.constructor
DA:25,12
DA:26,12
DA:29,12
FN:29,MockV3Aggregator.updateAnswer
FNDA:12,MockV3Aggregator.updateAnswer
DA:30,12
DA:31,12
DA:32,12
DA:33,12
DA:34,12
DA:35,12
DA:38,0
FN:38,MockV3Aggregator.updateRoundData
FNDA:0,MockV3Aggregator.updateRoundData
DA:39,0
DA:40,0
DA:41,0
DA:42,0
DA:43,0
DA:44,0
DA:47,0
FN:47,MockV3Aggregator.getRoundData
FNDA:0,MockV3Aggregator.getRoundData
DA:52,0
DA:55,5
FN:55,MockV3Aggregator.latestRoundData
FNDA:5,MockV3Aggregator.latestRoundData
DA:60,5
DA:69,0
FN:69,MockV3Aggregator.description
FNDA:0,MockV3Aggregator.description
DA:70,0
FNF:6
FNH:3
LF:23
LH:12
BRF:0
BRH:0
end_of_record
